2026/06/13 04:53:29 Миграции базы данных успешно выполнены
2026/06/13 04:53:29 Предупреждение при заполнении начальными данными: ошибка вставки клиники: ERROR: column "legal_name" of relation "clinics" does not exist (SQLSTATE 42703)
[GIN-debug] [WARNING] Running in "debug" mode. Switch to "release" mode in production.
 - using env:	export GIN_MODE=release
 - using code:	gin.SetMode(gin.ReleaseMode)

[GIN-debug] GET    /health                   --> github.com/amis/medverse-annahl/internal/handler.(*HealthHandler).Health-fm (4 handlers)
[GIN-debug] POST   /api/v1/auth/login        --> github.com/amis/medverse-annahl/internal/handler.(*AuthHandler).Login-fm (4 handlers)
[GIN-debug] POST   /api/v1/auth/refresh      --> github.com/amis/medverse-annahl/internal/handler.(*AuthHandler).Refresh-fm (4 handlers)
[GIN-debug] POST   /api/v1/auth/forgot-password --> github.com/amis/medverse-annahl/internal/handler.(*AuthHandler).ForgotPassword-fm (4 handlers)
[GIN-debug] POST   /api/v1/auth/reset-password --> github.com/amis/medverse-annahl/internal/handler.(*AuthHandler).ResetPassword-fm (4 handlers)
[GIN-debug] GET    /api/v1/clinics           --> github.com/amis/medverse-annahl/internal/handler.(*ClinicHandler).List-fm (6 handlers)
[GIN-debug] GET    /api/v1/clinics/:id       --> github.com/amis/medverse-annahl/internal/handler.(*ClinicHandler).Get-fm (6 handlers)
[GIN-debug] POST   /api/v1/clinics           --> github.com/amis/medverse-annahl/internal/handler.(*ClinicHandler).Create-fm (7 handlers)
[GIN-debug] PUT    /api/v1/clinics/:id       --> github.com/amis/medverse-annahl/internal/handler.(*ClinicHandler).Update-fm (7 handlers)
[GIN-debug] GET    /api/v1/branches          --> github.com/amis/medverse-annahl/internal/handler.(*BranchHandler).List-fm (6 handlers)
[GIN-debug] GET    /api/v1/branches/:id      --> github.com/amis/medverse-annahl/internal/handler.(*BranchHandler).Get-fm (6 handlers)
[GIN-debug] POST   /api/v1/branches          --> github.com/amis/medverse-annahl/internal/handler.(*BranchHandler).Create-fm (7 handlers)
[GIN-debug] PUT    /api/v1/branches/:id      --> github.com/amis/medverse-annahl/internal/handler.(*BranchHandler).Update-fm (7 handlers)
[GIN-debug] GET    /api/v1/users             --> github.com/amis/medverse-annahl/internal/handler.(*UserHandler).List-fm (6 handlers)
[GIN-debug] GET    /api/v1/users/:id         --> github.com/amis/medverse-annahl/internal/handler.(*UserHandler).Get-fm (6 handlers)
[GIN-debug] POST   /api/v1/users             --> github.com/amis/medverse-annahl/internal/handler.(*UserHandler).Create-fm (7 handlers)
[GIN-debug] PUT    /api/v1/users/:id         --> github.com/amis/medverse-annahl/internal/handler.(*UserHandler).Update-fm (7 handlers)
[GIN-debug] DELETE /api/v1/users/:id         --> github.com/amis/medverse-annahl/internal/handler.(*UserHandler).Deactivate-fm (7 handlers)
[GIN-debug] GET    /api/v1/users/profile     --> github.com/amis/medverse-annahl/internal/handler.(*UserHandler).Profile-fm (6 handlers)
[GIN-debug] PUT    /api/v1/users/profile     --> github.com/amis/medverse-annahl/internal/handler.(*UserHandler).UpdateProfile-fm (6 handlers)
[GIN-debug] PUT    /api/v1/users/:id/password --> github.com/amis/medverse-annahl/internal/handler.(*UserHandler).ChangePassword-fm (7 handlers)
[GIN-debug] GET    /api/v1/patients          --> github.com/amis/medverse-annahl/internal/handler.(*PatientHandler).List-fm (6 handlers)
[GIN-debug] GET    /api/v1/patients/:id      --> github.com/amis/medverse-annahl/internal/handler.(*PatientHandler).Get-fm (6 handlers)
[GIN-debug] POST   /api/v1/patients          --> github.com/amis/medverse-annahl/internal/handler.(*PatientHandler).Create-fm (6 handlers)
[GIN-debug] PUT    /api/v1/patients/:id      --> github.com/amis/medverse-annahl/internal/handler.(*PatientHandler).Update-fm (6 handlers)
[GIN-debug] GET    /api/v1/patients/:id/medical-card --> github.com/amis/medverse-annahl/internal/handler.(*PatientHandler).MedicalCard-fm (6 handlers)
[GIN-debug] GET    /api/v1/patients/:id/deposits --> github.com/amis/medverse-annahl/internal/handler.(*PatientHandler).Deposits-fm (6 handlers)
[GIN-debug] GET    /api/v1/staff             --> github.com/amis/medverse-annahl/internal/handler.(*StaffHandler).List-fm (6 handlers)
[GIN-debug] GET    /api/v1/staff/:id         --> github.com/amis/medverse-annahl/internal/handler.(*StaffHandler).Get-fm (6 handlers)
[GIN-debug] GET    /api/v1/staff/:id/schedule --> github.com/amis/medverse-annahl/internal/handler.(*StaffHandler).Schedule-fm (6 handlers)
[GIN-debug] GET    /api/v1/staff/:id/statistics --> github.com/amis/medverse-annahl/internal/handler.(*StaffHandler).Statistics-fm (6 handlers)
[GIN-debug] GET    /api/v1/appointments      --> github.com/amis/medverse-annahl/internal/handler.(*AppointmentHandler).List-fm (6 handlers)
[GIN-debug] GET    /api/v1/appointments/:id  --> github.com/amis/medverse-annahl/internal/handler.(*AppointmentHandler).Get-fm (6 handlers)
[GIN-debug] POST   /api/v1/appointments      --> github.com/amis/medverse-annahl/internal/handler.(*AppointmentHandler).Create-fm (6 handlers)
[GIN-debug] PUT    /api/v1/appointments/:id  --> github.com/amis/medverse-annahl/internal/handler.(*AppointmentHandler).Update-fm (6 handlers)
[GIN-debug] PATCH  /api/v1/appointments/:id/status --> github.com/amis/medverse-annahl/internal/handler.(*AppointmentHandler).UpdateStatus-fm (6 handlers)
[GIN-debug] DELETE /api/v1/appointments/:id  --> github.com/amis/medverse-annahl/internal/handler.(*AppointmentHandler).Cancel-fm (6 handlers)
[GIN-debug] GET    /api/v1/appointments/calendar --> github.com/amis/medverse-annahl/internal/handler.(*AppointmentHandler).Calendar-fm (6 handlers)
[GIN-debug] GET    /api/v1/doctor/appointments/today --> github.com/amis/medverse-annahl/internal/handler.(*DoctorHandler).TodayAppointments-fm (7 handlers)
[GIN-debug] GET    /api/v1/doctor/patients   --> github.com/amis/medverse-annahl/internal/handler.(*DoctorHandler).Patients-fm (7 handlers)
[GIN-debug] POST   /api/v1/doctor/encounter/start --> github.com/amis/medverse-annahl/internal/handler.(*DoctorHandler).StartEncounter-fm (7 handlers)
[GIN-debug] POST   /api/v1/doctor/encounter/complete --> github.com/amis/medverse-annahl/internal/handler.(*DoctorHandler).CompleteEncounter-fm (7 handlers)
[GIN-debug] POST   /api/v1/doctor/vitals     --> github.com/amis/medverse-annahl/internal/handler.(*DoctorHandler).RecordVitals-fm (7 handlers)
[GIN-debug] POST   /api/v1/doctor/diagnosis  --> github.com/amis/medverse-annahl/internal/handler.(*DoctorHandler).AddDiagnosis-fm (7 handlers)
[GIN-debug] POST   /api/v1/doctor/recommendation --> github.com/amis/medverse-annahl/internal/handler.(*DoctorHandler).AddRecommendation-fm (7 handlers)
[GIN-debug] GET    /api/v1/doctor/statistics --> github.com/amis/medverse-annahl/internal/handler.(*DoctorHandler).Statistics-fm (7 handlers)
[GIN-debug] GET    /api/v1/queues            --> github.com/amis/medverse-annahl/internal/handler.(*QueueHandler).List-fm (6 handlers)
[GIN-debug] GET    /api/v1/queues/:id        --> github.com/amis/medverse-annahl/internal/handler.(*QueueHandler).Get-fm (6 handlers)
[GIN-debug] POST   /api/v1/queues            --> github.com/amis/medverse-annahl/internal/handler.(*QueueHandler).Create-fm (7 handlers)
[GIN-debug] POST   /api/v1/queues/register   --> github.com/amis/medverse-annahl/internal/handler.(*QueueHandler).Register-fm (6 handlers)
[GIN-debug] POST   /api/v1/queues/:id/call-next --> github.com/amis/medverse-annahl/internal/handler.(*QueueHandler).CallNext-fm (7 handlers)
[GIN-debug] POST   /api/v1/queues/complete/:entry_id --> github.com/amis/medverse-annahl/internal/handler.(*QueueHandler).Complete-fm (7 handlers)
[GIN-debug] GET    /api/v1/cashier/invoices  --> github.com/amis/medverse-annahl/internal/handler.(*CashierHandler).Invoices-fm (7 handlers)
[GIN-debug] GET    /api/v1/cashier/invoices/:id --> github.com/amis/medverse-annahl/internal/handler.(*CashierHandler).InvoiceDetails-fm (7 handlers)
[GIN-debug] POST   /api/v1/cashier/invoices/:id/pay --> github.com/amis/medverse-annahl/internal/handler.(*CashierHandler).Pay-fm (7 handlers)
[GIN-debug] POST   /api/v1/cashier/invoices/:id/refund --> github.com/amis/medverse-annahl/internal/handler.(*CashierHandler).Refund-fm (7 handlers)
[GIN-debug] GET    /api/v1/cashier/deposits  --> github.com/amis/medverse-annahl/internal/handler.(*CashierHandler).Deposits-fm (7 handlers)
[GIN-debug] POST   /api/v1/cashier/deposits/:patientId/topup --> github.com/amis/medverse-annahl/internal/handler.(*CashierHandler).TopUpDeposit-fm (7 handlers)
[GIN-debug] GET    /api/v1/cashier/statistics --> github.com/amis/medverse-annahl/internal/handler.(*CashierHandler).Statistics-fm (7 handlers)
[GIN-debug] GET    /api/v1/lis/orders        --> github.com/amis/medverse-annahl/internal/handler.(*LISHandler).Orders-fm (7 handlers)
[GIN-debug] GET    /api/v1/lis/orders/:id    --> github.com/amis/medverse-annahl/internal/handler.(*LISHandler).OrderDetails-fm (7 handlers)
[GIN-debug] POST   /api/v1/lis/orders/:id/collect --> github.com/amis/medverse-annahl/internal/handler.(*LISHandler).CollectMaterial-fm (7 handlers)
[GIN-debug] POST   /api/v1/lis/orders/:id/results --> github.com/amis/medverse-annahl/internal/handler.(*LISHandler).SubmitResults-fm (7 handlers)
[GIN-debug] POST   /api/v1/lis/orders/:id/confirm --> github.com/amis/medverse-annahl/internal/handler.(*LISHandler).Confirm-fm (7 handlers)
[GIN-debug] GET    /api/v1/lis/ref-groups    --> github.com/amis/medverse-annahl/internal/handler.(*LISHandler).RefGroups-fm (7 handlers)
[GIN-debug] GET    /api/v1/medical/episodes  --> github.com/amis/medverse-annahl/internal/handler.(*MedicalHandler).Episodes-fm (6 handlers)
[GIN-debug] GET    /api/v1/medical/episodes/:id --> github.com/amis/medverse-annahl/internal/handler.(*MedicalHandler).EpisodeDetails-fm (6 handlers)
[GIN-debug] POST   /api/v1/medical/episodes  --> github.com/amis/medverse-annahl/internal/handler.(*MedicalHandler).CreateEpisode-fm (6 handlers)
[GIN-debug] PUT    /api/v1/medical/episodes/:id --> github.com/amis/medverse-annahl/internal/handler.(*MedicalHandler).UpdateEpisode-fm (6 handlers)
[GIN-debug] POST   /api/v1/medical/episodes/:id/files --> github.com/amis/medverse-annahl/internal/handler.(*MedicalHandler).UploadFile-fm (6 handlers)
[GIN-debug] GET    /api/v1/analytics/appointments --> github.com/amis/medverse-annahl/internal/handler.(*AnalyticsHandler).Appointments-fm (7 handlers)
[GIN-debug] GET    /api/v1/analytics/revenue --> github.com/amis/medverse-annahl/internal/handler.(*AnalyticsHandler).Revenue-fm (7 handlers)
[GIN-debug] GET    /api/v1/analytics/patients --> github.com/amis/medverse-annahl/internal/handler.(*AnalyticsHandler).Patients-fm (7 handlers)
[GIN-debug] GET    /api/v1/analytics/doctors --> github.com/amis/medverse-annahl/internal/handler.(*AnalyticsHandler).Doctors-fm (7 handlers)
[GIN-debug] GET    /api/v1/analytics/dashboard --> github.com/amis/medverse-annahl/internal/handler.(*AnalyticsHandler).Dashboard-fm (7 handlers)
[GIN-debug] GET    /api/v1/references/services --> github.com/amis/medverse-annahl/internal/handler.(*ReferenceHandler).Services-fm (6 handlers)
[GIN-debug] GET    /api/v1/references/services-groups --> github.com/amis/medverse-annahl/internal/handler.(*ReferenceHandler).ServiceGroups-fm (6 handlers)
[GIN-debug] GET    /api/v1/references/icd10  --> github.com/amis/medverse-annahl/internal/handler.(*ReferenceHandler).ICD10-fm (6 handlers)
[GIN-debug] GET    /api/v1/references/territories --> github.com/amis/medverse-annahl/internal/handler.(*ReferenceHandler).Territories-fm (6 handlers)
[GIN-debug] GET    /api/v1/references/payment-methods --> github.com/amis/medverse-annahl/internal/handler.(*ReferenceHandler).PaymentMethods-fm (6 handlers)
[GIN-debug] GET    /api/v1/references/roles  --> github.com/amis/medverse-annahl/internal/handler.(*ReferenceHandler).Roles-fm (6 handlers)
[GIN-debug] GET    /ws/queue/:id             --> github.com/amis/medverse-annahl/internal/handler.(*WebSocketHandler).QueueHandler-fm (4 handlers)
2026/06/13 04:53:29 Запуск сервера на 0.0.0.0:3001
2026/06/13 04:53:32 [GET] /health  | 200 | 26.681µs | 127.0.0.1
2026/06/13 04:53:43 [POST] /api/v1/auth/login  | 200 | 52.046398ms | 127.0.0.1
2026/06/13 04:53:55 [GET] /api/v1/patients  | 200 | 4.916469ms | 127.0.0.1
2026/06/13 04:54:04 [GET] /api/v1/analytics/dashboard  | 200 | 9.070691ms | 127.0.0.1
2026/06/13 04:55:19 [GET] /health  | 200 | 34.211µs | 127.0.0.1
2026/06/13 04:55:19 [POST] /api/v1/auth/login  | 200 | 52.812045ms | 127.0.0.1
